INFO: [VRFC 10-2263] Analyzing Verilog file "C:/Users/Administrator/Documents/Github/Logic-Lab-Exp-2/exp8/exp8.srcs/sources_1/new/modules.v" into library xil_defaultlib
INFO: [VRFC 10-311] analyzing module CharDecoder
INFO: [VRFC 10-311] analyzing module CharEncoder
INFO: [VRFC 10-311] analyzing module CircularRightShift
INFO: [VRFC 10-311] analyzing module CircularLeftShift
INFO: [VRFC 10-311] analyzing module CaesarEncryption
INFO: [VRFC 10-311] analyzing module CaesarDecryption
INFO: [VRFC 10-311] analyzing module CaesarEnvironment
INFO: [VRFC 10-311] analyzing module VigenereEncryption
INFO: [VRFC 10-311] analyzing module VigenereDecryption
INFO: [VRFC 10-311] analyzing module VigenereEnvironment
INFO: [VRFC 10-2263] Analyzing Verilog file "C:/Users/Administrator/Documents/Github/Logic-Lab-Exp-2/exp8/exp8.srcs/sim_1/new/simulation.v" into library xil_defaultlib
INFO: [VRFC 10-311] analyzing module CharDecoder_test
INFO: [VRFC 10-311] analyzing module CharEncoder_test
INFO: [VRFC 10-311] analyzing module CircularRightShift_test
INFO: [VRFC 10-311] analyzing module CircularLeftShift_test
INFO: [VRFC 10-311] analyzing module CaesarEncryption_test
INFO: [VRFC 10-311] analyzing module CaesarDecryption_test
INFO: [VRFC 10-311] analyzing module CaesarEnvironment_test
INFO: [VRFC 10-311] analyzing module VigenereEnvironment_test
INFO: [VRFC 10-311] analyzing module CaesarEnvironment_test
WARNING: [VRFC 10-3609] overwriting previous definition of module 'CaesarEnvironment_test' [C:/Users/Administrator/Documents/Github/Logic-Lab-Exp-2/exp8/exp8.srcs/sim_1/new/simulation.v:166]
INFO: [VRFC 10-311] analyzing module CaesarEnvironment_test
WARNING: [VRFC 10-3609] overwriting previous definition of module 'CaesarEnvironment_test' [C:/Users/Administrator/Documents/Github/Logic-Lab-Exp-2/exp8/exp8.srcs/sim_1/new/simulation.v:182]
INFO: [VRFC 10-311] analyzing module VigenereEncryption_test
INFO: [VRFC 10-311] analyzing module VigenereDecryption_test
INFO: [VRFC 10-311] analyzing module VigenereEnvironment_test
WARNING: [VRFC 10-3609] overwriting previous definition of module 'VigenereEnvironment_test' [C:/Users/Administrator/Documents/Github/Logic-Lab-Exp-2/exp8/exp8.srcs/sim_1/new/simulation.v:269]
